<?xml version="1.0" encoding="UTF-8"?>
<testsuite xmlns:xsi="http://www.w3.org/2001/XMLSchema-instance" xsi:noNamespaceSchemaLocation="https://maven.apache.org/surefire/maven-failsafe-plugin/xsd/failsafe-test-report.xsd" name="org.smpp.ClientSessionUnbindIT" time="9.363" tests="2" errors="0" skipped="0" failures="0">
  <properties>
    <property name="sun.desktop" value="windows"/>
    <property name="awt.toolkit" value="sun.awt.windows.WToolkit"/>
    <property name="file.encoding.pkg" value="sun.io"/>
    <property name="java.specification.version" value="1.8"/>
    <property name="sun.cpu.isalist" value="amd64"/>
    <property name="sun.jnu.encoding" value="Cp1252"/>
    <property name="java.class.path" value="C:\Users\cgalvez\.m2\repository\org.opensmpp_opensmpp-core_QA_jar_3.0.3-SNAPSHOT\target\test-classes;C:\Users\cgalvez\.m2\repository\org.opensmpp_opensmpp-core_QA_jar_3.0.3-SNAPSHOT\target\opensmpp-core-QA-3.0.3-SNAPSHOT.jar;C:\Users\cgalvez\.m2\repository\org\opensmpp\opensmpp-charset\3.0.3-SNAPSHOT\opensmpp-charset-3.0.3-SNAPSHOT.jar;C:\Users\cgalvez\.m2\repository\junit\junit\4.11\junit-4.11.jar;C:\Users\cgalvez\.m2\repository\org\hamcrest\hamcrest-core\1.3\hamcrest-core-1.3.jar;C:\Users\cgalvez\.m2\repository\org\mockito\mockito-core\1.9.5\mockito-core-1.9.5.jar;C:\Users\cgalvez\.m2\repository\org\objenesis\objenesis\1.0\objenesis-1.0.jar;C:\Users\cgalvez\.m2\repository\org\powermock\powermock-module-junit4\1.5\powermock-module-junit4-1.5.jar;C:\Users\cgalvez\.m2\repository\org\powermock\powermock-module-junit4-common\1.5\powermock-module-junit4-common-1.5.jar;C:\Users\cgalvez\.m2\repository\org\powermock\powermock-core\1.5\powermock-core-1.5.jar;C:\Users\cgalvez\.m2\repository\org\javassist\javassist\3.17.1-GA\javassist-3.17.1-GA.jar;C:\Users\cgalvez\.m2\repository\org\powermock\powermock-reflect\1.5\powermock-reflect-1.5.jar;C:\Users\cgalvez\.m2\repository\org\powermock\powermock-api-mockito\1.5\powermock-api-mockito-1.5.jar;C:\Users\cgalvez\.m2\repository\org\mockito\mockito-all\1.9.5\mockito-all-1.9.5.jar;C:\Users\cgalvez\.m2\repository\org\powermock\powermock-api-support\1.5\powermock-api-support-1.5.jar;"/>
    <property name="java.vm.vendor" value="Oracle Corporation"/>
    <property name="sun.arch.data.model" value="64"/>
    <property name="user.variant" value=""/>
    <property name="java.vendor.url" value="http://java.oracle.com/"/>
    <property name="user.timezone" value=""/>
    <property name="java.vm.specification.version" value="1.8"/>
    <property name="os.name" value="Windows 10"/>
    <property name="sun.java.launcher" value="SUN_STANDARD"/>
    <property name="user.country" value="MX"/>
    <property name="sun.boot.library.path" value="C:\Program Files\Java\jdk1.8.0_231\jre\bin"/>
    <property name="sun.java.command" value="C:\Users\cgalvez\AppData\Local\Temp\surefire8568574705271028938\surefirebooter803601525537081033.jar C:\Users\cgalvez\AppData\Local\Temp\surefire8568574705271028938 2025-04-12T20-32-28_286-jvmRun1 surefire4791488996947699570tmp surefire_04345862142042841349tmp"/>
    <property name="surefire.test.class.path" value="C:\Users\cgalvez\.m2\repository\org.opensmpp_opensmpp-core_QA_jar_3.0.3-SNAPSHOT\target\test-classes;C:\Users\cgalvez\.m2\repository\org.opensmpp_opensmpp-core_QA_jar_3.0.3-SNAPSHOT\target\opensmpp-core-QA-3.0.3-SNAPSHOT.jar;C:\Users\cgalvez\.m2\repository\org\opensmpp\opensmpp-charset\3.0.3-SNAPSHOT\opensmpp-charset-3.0.3-SNAPSHOT.jar;C:\Users\cgalvez\.m2\repository\junit\junit\4.11\junit-4.11.jar;C:\Users\cgalvez\.m2\repository\org\hamcrest\hamcrest-core\1.3\hamcrest-core-1.3.jar;C:\Users\cgalvez\.m2\repository\org\mockito\mockito-core\1.9.5\mockito-core-1.9.5.jar;C:\Users\cgalvez\.m2\repository\org\objenesis\objenesis\1.0\objenesis-1.0.jar;C:\Users\cgalvez\.m2\repository\org\powermock\powermock-module-junit4\1.5\powermock-module-junit4-1.5.jar;C:\Users\cgalvez\.m2\repository\org\powermock\powermock-module-junit4-common\1.5\powermock-module-junit4-common-1.5.jar;C:\Users\cgalvez\.m2\repository\org\powermock\powermock-core\1.5\powermock-core-1.5.jar;C:\Users\cgalvez\.m2\repository\org\javassist\javassist\3.17.1-GA\javassist-3.17.1-GA.jar;C:\Users\cgalvez\.m2\repository\org\powermock\powermock-reflect\1.5\powermock-reflect-1.5.jar;C:\Users\cgalvez\.m2\repository\org\powermock\powermock-api-mockito\1.5\powermock-api-mockito-1.5.jar;C:\Users\cgalvez\.m2\repository\org\mockito\mockito-all\1.9.5\mockito-all-1.9.5.jar;C:\Users\cgalvez\.m2\repository\org\powermock\powermock-api-support\1.5\powermock-api-support-1.5.jar;"/>
    <property name="sun.cpu.endian" value="little"/>
    <property name="user.home" value="C:\Users\cgalvez"/>
    <property name="user.language" value="es"/>
    <property name="java.specification.vendor" value="Oracle Corporation"/>
    <property name="java.home" value="C:\Program Files\Java\jdk1.8.0_231\jre"/>
    <property name="basedir" value="C:\Users\cgalvez\.m2\repository\org.opensmpp_opensmpp-core_QA_jar_3.0.3-SNAPSHOT"/>
    <property name="file.separator" value="\"/>
    <property name="line.separator" value="&#10;"/>
    <property name="java.vm.specification.vendor" value="Oracle Corporation"/>
    <property name="java.specification.name" value="Java Platform API Specification"/>
    <property name="java.awt.graphicsenv" value="sun.awt.Win32GraphicsEnvironment"/>
    <property name="java.awt.headless" value="true"/>
    <property name="surefire.real.class.path" value="C:\Users\cgalvez\AppData\Local\Temp\surefire8568574705271028938\surefirebooter803601525537081033.jar"/>
    <property name="sun.boot.class.path" value="C:\Program Files\Java\jdk1.8.0_231\jre\lib\resources.jar;C:\Program Files\Java\jdk1.8.0_231\jre\lib\rt.jar;C:\Program Files\Java\jdk1.8.0_231\jre\lib\sunrsasign.jar;C:\Program Files\Java\jdk1.8.0_231\jre\lib\jsse.jar;C:\Program Files\Java\jdk1.8.0_231\jre\lib\jce.jar;C:\Program Files\Java\jdk1.8.0_231\jre\lib\charsets.jar;C:\Program Files\Java\jdk1.8.0_231\jre\lib\jfr.jar;C:\Program Files\Java\jdk1.8.0_231\jre\classes"/>
    <property name="user.script" value=""/>
    <property name="sun.management.compiler" value="HotSpot 64-Bit Tiered Compilers"/>
    <property name="java.runtime.version" value="1.8.0_231-b11"/>
    <property name="user.name" value="cgalvez"/>
    <property name="path.separator" value=";"/>
    <property name="os.version" value="10.0"/>
    <property name="java.endorsed.dirs" value="C:\Program Files\Java\jdk1.8.0_231\jre\lib\endorsed"/>
    <property name="java.runtime.name" value="Java(TM) SE Runtime Environment"/>
    <property name="file.encoding" value="Cp1252"/>
    <property name="java.vm.name" value="Java HotSpot(TM) 64-Bit Server VM"/>
    <property name="maven.ext.class.path" value="C:\Program Files\Netbeans-11.2\java\maven-nblib\netbeans-eventspy.jar"/>
    <property name="localRepository" value="C:\Users\cgalvez\.m2\repository"/>
    <property name="java.vendor.url.bug" value="http://bugreport.sun.com/bugreport/"/>
    <property name="java.io.tmpdir" value="C:\Users\cgalvez\AppData\Local\Temp\"/>
    <property name="java.version" value="1.8.0_231"/>
    <property name="user.dir" value="C:\Users\cgalvez\.m2\repository\org.opensmpp_opensmpp-core_QA_jar_3.0.3-SNAPSHOT"/>
    <property name="os.arch" value="amd64"/>
    <property name="java.vm.specification.name" value="Java Virtual Machine Specification"/>
    <property name="java.awt.printerjob" value="sun.awt.windows.WPrinterJob"/>
    <property name="sun.os.patch.level" value=""/>
    <property name="java.library.path" value="C:\Program Files\Java\jdk1.8.0_231\jre\bin;C:\WINDOWS\Sun\Java\bin;C:\WINDOWS\system32;C:\WINDOWS;C:\Program Files\Microsoft\jdk-11.0.24.8-hotspot\bin;C:\Oracle;C:\Oracle\bin;C:\WINDOWS\system32;C:\WINDOWS;C:\WINDOWS\System32\Wbem;C:\WINDOWS\System32\WindowsPowerShell\v1.0\;C:\WINDOWS\System32\OpenSSH\;C:\Program Files\Microsoft SQL Server\150\Tools\Binn\;C:\Program Files\PuTTY\;C:\Program Files\Git\cmd;C:\Strawberry\c\bin;C:\Strawberry\perl\site\bin;C:\Strawberry\perl\bin;C:\Users\cgalvez\AppData\Local\Microsoft\WindowsApps;C:\Program Files\php-8.3.3-Win32-vs16-x64;;."/>
    <property name="java.vm.info" value="mixed mode"/>
    <property name="java.vendor" value="Oracle Corporation"/>
    <property name="java.vm.version" value="25.231-b11"/>
    <property name="java.ext.dirs" value="C:\Program Files\Java\jdk1.8.0_231\jre\lib\ext;C:\WINDOWS\Sun\Java\lib\ext"/>
    <property name="sun.io.unicode.encoding" value="UnicodeLittle"/>
    <property name="java.class.version" value="52.0"/>
  </properties>
  <testcase name="unbindSucceedsWithinFiveSeconds" classname="org.smpp.ClientSessionUnbindIT" time="4.851"/>
  <testcase name="serverShutsDownWithinEightSeconds" classname="org.smpp.ClientSessionUnbindIT" time="4.456"/>
</testsuite>